Arguments: 
  C:\Program Files\nodejs\node.exe C:\Users\User 1\AppData\Roaming\npm\node_modules\yarn\bin\yarn.js

PATH: 
  C:\Program Files\Eclipse Foundation\jdk-11.0.12.7-hotspot\bin;C:\WINDOWS\system32;C:\WINDOWS;C:\WINDOWS\System32\Wbem;C:\WINDOWS\System32\WindowsPowerShell\v1.0\;C:\Program Files\MiKTeX 2.9\miktex\bin\x64\;C:\WINDOWS\System32\OpenSSH\;C:\Program Files (x86)\runtime\win64;C:\Program Files (x86)\polyspace\bin;C:\Users\user\Desktop\runtime\win64;C:\Users\user\Desktop\bin;C:\Program Files\MATLAB\R2016a\runtime\win64;C:\Program Files\MATLAB\R2016a\bin;C:\Program Files\MATLAB\R2016a\polyspace\bin;C:\Users\user\Desktop\polyspace\bin;C:\Program Files\dotnet\;C:\Program Files\Microsoft SQL Server\130\Tools\Binn\;C:\Program Files\nodejs\;C:\Program Files\heroku\bin;C:\toolings\platform-tools;C:\Program Files\OpenJDK\openjdk-8u302-b08\bin;C:\Program Files\MongoDB\Server\5.0\bin;C:\Program Files\Git\cmd;C:\Users\User 1\AppData\Local\Programs\Python\Python39\Scripts\;C:\Users\User 1\AppData\Local\Programs\Python\Python39\;C:\Users\User 1\AppData\Local\Microsoft\WindowsApps;C:\Users\User 1\AppData\Local\Programs\Microsoft VS Code\bin;C:\Users\User 1\AppData\Roaming\npm;C:\Program Files\heroku\bin;C:\Users\User 1\AppData\Local\Android\Sdk\platform-tools;C:\Program Files (x86)\Git\bin;C:\Program Files\MongoDB\Server\5.0\bin;

Yarn version: 
  1.22.10

Node version: 
  14.16.1

Platform: 
  win32 x64

Trace: 
  Error: EBUSY: resource busy or locked, copyfile 'C:\Users\User 1\AppData\Local\Yarn\Cache\v6\npm-@react-navigation-native-6.0.6-0f2577358d73d7b21ff5b2455f0a2d51b1ad2837-integrity\node_modules\@react-navigation\native\lib\commonjs\ServerContext.js' -> 'C:\Users\User 1\Desktop\project\newsbull\node_modules\@react-navigation\native\lib\commonjs\ServerContext.js'

npm manifest: 
  {
    "name": "newsbull",
    "version": "1.0.0",
    "main": "node_modules/expo/AppEntry.js",
    "scripts": {
      "start": "expo start",
      "android": "expo start --android",
      "ios": "expo start --ios",
      "web": "expo start --web",
      "eject": "expo eject",
      "test": "jest --watchAll"
    },
    "jest": {
      "preset": "jest-expo"
    },
    "dependencies": {
      "@expo/vector-icons": "^12.0.0",
      "@react-navigation/bottom-tabs": "^6.0.5",
      "@react-navigation/native": "^6.0.2",
      "@react-navigation/native-stack": "^6.1.0",
      "expo": "~43.0.0",
      "expo-asset": "~8.4.3",
      "expo-constants": "~12.1.2",
      "expo-font": "~10.0.3",
      "expo-linking": "~2.4.2",
      "expo-splash-screen": "~0.13.3",
      "expo-status-bar": "~1.1.0",
      "expo-web-browser": "~10.0.3",
      "react": "17.0.1",
      "react-dom": "17.0.1",
      "react-native": "0.64.2",
      "react-native-safe-area-context": "3.3.2",
      "react-native-screens": "~3.8.0",
      "react-native-web": "0.17.1"
    },
    "devDependencies": {
      "@babel/core": "^7.12.9",
      "@types/react": "~17.0.21",
      "@types/react-native": "~0.64.12",
      "jest-expo": "~43.0.0",
      "typescript": "~4.3.5"
    },
    "private": true
  }

yarn manifest: 
  No manifest

Lockfile: 
  No lockfile
